# JRE version: Java(TM) SE Runtime Environment (17.0.15+9) (build 17.0.15+9-LTS-241)
# Java VM: Java HotSpot(TM) 64-Bit Server VM (17.0.15+9-LTS-241, mixed mode, sharing, tiered, compressed oops, compressed class ptrs, g1 gc, windows-amd64)
GC Precious Log:
 CPUs: 12 total, 12 available
 Memory: 5966M
 Large Page Support: Disabled
 NUMA Support: Disabled
 Compressed Oops: Enabled (32-bit)
 Heap Region Size: 1M
 Heap Min Capacity: 8M
 Heap Initial Capacity: 94M
 Heap Max Capacity: 1492M
 Pre-touch: Disabled
 Parallel Workers: 10
 Concurrent Workers: 3
 Concurrent Refinement Workers: 10
 Periodic GC: Disabled
Heap:
 garbage-first heap   total 58368K, used 32695K [0x00000000a2c00000, 0x0000000100000000)
  region size 1024K, 12 young (12288K), 1 survivors (1024K)
 Metaspace       used 37924K, committed 38336K, reserved 1114112K
  class space    used 5163K, committed 5376K, reserved 1048576K
GC Heap History (18 events):
Event: 1.132 GC heap before
{Heap before GC invocations=0 (full 0):
 garbage-first heap   total 96256K, used 24576K [0x00000000a2c00000, 0x0000000100000000)
  region size 1024K, 23 young (23552K), 0 survivors (0K)
 Metaspace       used 5025K, committed 5184K, reserved 1114112K
  class space    used 582K, committed 640K, reserved 1048576K
}
Event: 1.138 GC heap after
{Heap after GC invocations=1 (full 0):
 garbage-first heap   total 96256K, used 7905K [0x00000000a2c00000, 0x0000000100000000)
  region size 1024K, 3 young (3072K), 3 survivors (3072K)
 Metaspace       used 5025K, committed 5184K, reserved 1114112K
  class space    used 582K, committed 640K, reserved 1048576K
}
Event: 2.089 GC heap before
{Heap before GC invocations=1 (full 0):
 garbage-first heap   total 96256K, used 36577K [0x00000000a2c00000, 0x0000000100000000)
  region size 1024K, 32 young (32768K), 3 survivors (3072K)
 Metaspace       used 12531K, committed 12800K, reserved 1114112K
  class space    used 1548K, committed 1664K, reserved 1048576K
}
Event: 2.095 GC heap after
{Heap after GC invocations=2 (full 0):
 garbage-first heap   total 96256K, used 10609K [0x00000000a2c00000, 0x0000000100000000)
  region size 1024K, 3 young (3072K), 3 survivors (3072K)
 Metaspace       used 12531K, committed 12800K, reserved 1114112K
  class space    used 1548K, committed 1664K, reserved 1048576K
}
Event: 3.708 GC heap before
{Heap before GC invocations=2 (full 0):
 garbage-first heap   total 96256K, used 57713K [0x00000000a2c00000, 0x0000000100000000)
  region size 1024K, 49 young (50176K), 3 survivors (3072K)
 Metaspace       used 19822K, committed 20160K, reserved 1114112K
  class space    used 2456K, committed 2624K, reserved 1048576K
}
Event: 3.715 GC heap after
{Heap after GC invocations=3 (full 0):
 garbage-first heap   total 96256K, used 15025K [0x00000000a2c00000, 0x0000000100000000)
  region size 1024K, 7 young (7168K), 7 survivors (7168K)
 Metaspace       used 19822K, committed 20160K, reserved 1114112K
  class space    used 2456K, committed 2624K, reserved 1048576K
}
Event: 4.214 GC heap before
{Heap before GC invocations=3 (full 0):
 garbage-first heap   total 96256K, used 30385K [0x00000000a2c00000, 0x0000000100000000)
  region size 1024K, 23 young (23552K), 7 survivors (7168K)
 Metaspace       used 21122K, committed 21504K, reserved 1114112K
  class space    used 2624K, committed 2816K, reserved 1048576K
}
Event: 4.221 GC heap after
{Heap after GC invocations=4 (full 0):
 garbage-first heap   total 96256K, used 15850K [0x00000000a2c00000, 0x0000000100000000)
  region size 1024K, 2 young (2048K), 2 survivors (2048K)
 Metaspace       used 21122K, committed 21504K, reserved 1114112K
  class space    used 2624K, committed 2816K, reserved 1048576K
}
Event: 5.766 GC heap before
{Heap before GC invocations=5 (full 0):
 garbage-first heap   total 58368K, used 47594K [0x00000000a2c00000, 0x0000000100000000)
  region size 1024K, 34 young (34816K), 2 survivors (2048K)
 Metaspace       used 24863K, committed 25216K, reserved 1114112K
  class space    used 3207K, committed 3392K, reserved 1048576K
}
Event: 5.771 GC heap after
{Heap after GC invocations=6 (full 0):
 garbage-first heap   total 58368K, used 18040K [0x00000000a2c00000, 0x0000000100000000)
  region size 1024K, 4 young (4096K), 4 survivors (4096K)
 Metaspace       used 24863K, committed 25216K, reserved 1114112K
  class space    used 3207K, committed 3392K, reserved 1048576K
}
Event: 5.827 GC heap before
{Heap before GC invocations=6 (full 0):
 garbage-first heap   total 58368K, used 18040K [0x00000000a2c00000, 0x0000000100000000)
  region size 1024K, 5 young (5120K), 4 survivors (4096K)
 Metaspace       used 24990K, committed 25408K, reserved 1114112K
  class space    used 3228K, committed 3456K, reserved 1048576K
}
Event: 5.832 GC heap after
{Heap after GC invocations=7 (full 0):
 garbage-first heap   total 58368K, used 18395K [0x00000000a2c00000, 0x0000000100000000)
  region size 1024K, 1 young (1024K), 1 survivors (1024K)
 Metaspace       used 24990K, committed 25408K, reserved 1114112K
  class space    used 3228K, committed 3456K, reserved 1048576K
}
Event: 6.977 GC heap before
{Heap before GC invocations=7 (full 0):
 garbage-first heap   total 58368K, used 41947K [0x00000000a2c00000, 0x0000000100000000)
  region size 1024K, 24 young (24576K), 1 survivors (1024K)
 Metaspace       used 29433K, committed 29760K, reserved 1114112K
  class space    used 3808K, committed 3968K, reserved 1048576K
}
Event: 6.980 GC heap after
{Heap after GC invocations=8 (full 0):
 garbage-first heap   total 58368K, used 20104K [0x00000000a2c00000, 0x0000000100000000)
  region size 1024K, 3 young (3072K), 3 survivors (3072K)
 Metaspace       used 29433K, committed 29760K, reserved 1114112K
  class space    used 3808K, committed 3968K, reserved 1048576K
}
Event: 8.191 GC heap before
{Heap before GC invocations=8 (full 0):
 garbage-first heap   total 58368K, used 42632K [0x00000000a2c00000, 0x0000000100000000)
  region size 1024K, 25 young (25600K), 3 survivors (3072K)
 Metaspace       used 33777K, committed 34176K, reserved 1114112K
  class space    used 4441K, committed 4672K, reserved 1048576K
}
Event: 8.194 GC heap after
{Heap after GC invocations=9 (full 0):
 garbage-first heap   total 58368K, used 21954K [0x00000000a2c00000, 0x0000000100000000)
  region size 1024K, 2 young (2048K), 2 survivors (2048K)
 Metaspace       used 33777K, committed 34176K, reserved 1114112K
  class space    used 4441K, committed 4672K, reserved 1048576K
}
Event: 8.466 GC heap before
{Heap before GC invocations=9 (full 0):
 garbage-first heap   total 58368K, used 28098K [0x00000000a2c00000, 0x0000000100000000)
  region size 1024K, 9 young (9216K), 2 survivors (2048K)
 Metaspace       used 35572K, committed 35968K, reserved 1114112K
  class space    used 4729K, committed 4928K, reserved 1048576K
}
Event: 8.468 GC heap after
{Heap after GC invocations=10 (full 0):
 garbage-first heap   total 58368K, used 22455K [0x00000000a2c00000, 0x0000000100000000)
  region size 1024K, 1 young (1024K), 1 survivors (1024K)
 Metaspace       used 35572K, committed 35968K, reserved 1114112K
  class space    used 4729K, committed 4928K, reserved 1048576K
}

